#
# There is insufficient memory for the Java Runtime Environment to continue.
# Native memory allocation (malloc) failed to allocate 1760656 bytes for Chunk::new
# Possible reasons:
#   The system is out of physical RAM or swap space
#   In 32 bit mode, the process size limit was hit
# Possible solutions:
#   Reduce memory load on the system
#   Increase physical memory or swap space
#   Check if swap backing store is full
#   Use 64 bit Java on a 64 bit OS
#   Decrease Java heap size (-Xmx/-Xms)
#   Decrease number of Java threads
#   Decrease Java thread stack sizes (-Xss)
#   Set larger code cache with -XX:ReservedCodeCacheSize=
# This output file may be truncated or incomplete.
#
#  Out of Memory Error (allocation.cpp:390), pid=14516, tid=0x0000000000002734
#
# JRE version: OpenJDK Runtime Environment (8.0_112-b06) (build 1.8.0_112-release-b06)
# Java VM: OpenJDK 64-Bit Server VM (25.112-b06 mixed mode windows-amd64 compressed oops)
# Failed to write core dump. Minidumps are not enabled by default on client versions of Windows
#

---------------  T H R E A D  ---------------

Current thread (0x0000000016138800):  JavaThread "C2 CompilerThread0" daemon [_thread_in_native, id=10036, stack(0x0000000017770000,0x0000000017870000)]

Stack: [0x0000000017770000,0x0000000017870000]
[error occurred during error reporting (printing stack bounds), id 0xc0000005]

Native frames: (J=compiled Java code, j=interpreted, Vv=VM code, C=native code)


Current CompileTask:
C2: 189493 6136       4       groovy.lang.MetaClassImpl$1MOPIter::methodNameAction (479 bytes)


---------------  P R O C E S S  ---------------

Java Threads: ( => current thread )
  0x000000001abe8800 JavaThread "pool-2-thread-1" [_thread_blocked, id=8440, stack(0x000000001e220000,0x000000001e320000)]
  0x000000001b1d3000 JavaThread "File lock request listener" [_thread_in_native, id=13924, stack(0x000000001bab0000,0x000000001bbb0000)]
  0x0000000018d41000 JavaThread "Asynchronous log dispatcher for DefaultDaemonConnection: socket connection from /127.0.0.1:53693 to /127.0.0.1:53694" [_thread_blocked, id=14628, stack(0x000000001a6e0000,0x000000001a7e0000)]
  0x0000000018d39000 JavaThread "Daemon worker" [_thread_in_Java, id=14620, stack(0x000000001a5e0000,0x000000001a6e0000)]
  0x0000000018f4b800 JavaThread "pool-1-thread-1" [_thread_blocked, id=14644, stack(0x000000001a4e0000,0x000000001a5e0000)]
  0x0000000018f49000 JavaThread "Cancel handler" [_thread_blocked, id=14640, stack(0x000000001a3e0000,0x000000001a4e0000)]
  0x0000000018db1800 JavaThread "Handler for socket connection from /127.0.0.1:53693 to /127.0.0.1:53694" [_thread_in_native, id=14632, stack(0x000000001a2e0000,0x000000001a3e0000)]
  0x000000001904b000 JavaThread "Daemon" [_thread_blocked, id=14636, stack(0x000000001a1e0000,0x000000001a2e0000)]
  0x0000000019297000 JavaThread "Incoming local TCP Connector on port 53693" [_thread_in_native, id=15136, stack(0x0000000019840000,0x0000000019940000)]
  0x000000001618d800 JavaThread "Service Thread" daemon [_thread_blocked, id=5992, stack(0x0000000017e70000,0x0000000017f70000)]
  0x0000000016131800 JavaThread "C1 CompilerThread2" daemon [_thread_blocked, id=5852, stack(0x0000000017970000,0x0000000017a70000)]
  0x000000001612b000 JavaThread "C2 CompilerThread1" daemon [_thread_in_native, id=13944, stack(0x0000000017870000,0x0000000017970000)]
=>0x0000000016138800 JavaThread "C2 CompilerThread0" daemon [_thread_in_native, id=10036, stack(0x0000000017770000,0x0000000017870000)]
  0x0000000016136000 JavaThread "Attach Listener" daemon [_thread_blocked, id=6376, stack(0x0000000017670000,0x0000000017770000)]
  0x0000000016134800 JavaThread "Signal Dispatcher" daemon [_thread_blocked, id=13760, stack(0x0000000017570000,0x0000000017670000)]
  0x000000000279b800 JavaThread "Finalizer" daemon [_thread_blocked, id=8204, stack(0x0000000017380000,0x0000000017480000)]
  0x0000000002790800 JavaThread "Reference Handler" daemon [_thread_blocked, id=6552, stack(0x0000000017280000,0x0000000017380000)]
  0x00000000026a1000 JavaThread "main" [_thread_blocked, id=15076, stack(0x0000000002580000,0x0000000002680000)]

Other Threads:
  0x00000000160f5800 VMThread [stack: 0x0000000017180000,0x0000000017280000] [id=3852]
  0x000000001618e800 WatcherThread [stack: 0x0000000017f70000,0x0000000018070000] [id=9784]

VM state:not at safepoint (normal execution)

VM Mutex/Monitor currently owned by a thread: None

Heap:
 PSYoungGen      total 66560K, used 32540K [0x00000000e0000000, 0x00000000e4880000, 0x0000000100000000)
  eden space 58368K, 47% used [0x00000000e0000000,0x00000000e1b4f3c0,0x00000000e3900000)
  from space 8192K, 55% used [0x00000000e4080000,0x00000000e44f8000,0x00000000e4880000)
  to   space 7680K, 0% used [0x00000000e3900000,0x00000000e3900000,0x00000000e4080000)
 ParOldGen       total 43520K, used 31885K [0x00000000a0000000, 0x00000000a2a80000, 0x00000000e0000000)
  object space 43520K, 73% used [0x00000000a0000000,0x00000000a1f235d8,0x00000000a2a80000)
 Metaspace       used 50157K, capacity 51806K, committed 52096K, reserved 1093632K
  class space    used 6890K, capacity 7248K, committed 7296K, reserved 1048576K

Card table byte_map: [0x0000000011b80000,0x0000000011e90000] byte_map_base: 0x0000000011680000

Marking Bits: (ParMarkBitMap*) 0x000000005ea718f0
 Begin Bits: [0x0000000012490000, 0x0000000013c90000)
 End Bits:   [0x0000000013c90000, 0x0000000015490000)

Polling page: 0x0000000000930000

CodeCache: size=245760Kb used=21064Kb max_used=21064Kb free=224695Kb
 bounds [0x00000000027c0000, 0x0000000003c70000, 0x00000000117c0000]
 total_blobs=6417 nmethods=5676 adapters=653
 compilation: enabled

Compilation events (10 events):
Event: 189.379 Thread 0x0000000016131800 6285       3       sun.reflect.Label$PatchInfo::<init> (26 bytes)
Event: 189.379 Thread 0x0000000016131800 nmethod 6285 0x0000000003c4cb90 code [0x0000000003c4cce0, 0x0000000003c4ceb0]
Event: 189.384 Thread 0x0000000016131800 6286       1       java.lang.Integer::rotateLeft (9 bytes)
Event: 189.385 Thread 0x0000000016131800 nmethod 6286 0x0000000002906990 code [0x0000000002906ae0, 0x0000000002906bd0]
Event: 189.401 Thread 0x0000000016131800 6287       3       java.util.ArrayList::subList (22 bytes)
Event: 189.402 Thread 0x0000000016131800 nmethod 6287 0x0000000003c4cf90 code [0x0000000003c4d100, 0x0000000003c4d358]
Event: 189.407 Thread 0x0000000016131800 6288       2       java.util.Arrays::binarySearch0 (95 bytes)
Event: 189.407 Thread 0x0000000016131800 nmethod 6288 0x0000000003c4d450 code [0x0000000003c4d5c0, 0x0000000003c4d858]
Event: 189.409 Thread 0x0000000016131800 6289       3       org.codehaus.groovy.reflection.ParameterTypes::getNativeParameterTypes (16 bytes)
Event: 189.409 Thread 0x0000000016131800 nmethod 6289 0x0000000003c4da50 code [0x0000000003c4dbc0, 0x0000000003c4dda8]

GC Heap History (10 events):
Event: 183.879 GC heap before
{Heap before GC invocations=20 (full 2):
 PSYoungGen      total 41472K, used 36019K [0x00000000e0000000, 0x00000000e3b80000, 0x0000000100000000)
  eden space 32768K, 100% used [0x00000000e0000000,0x00000000e2000000,0x00000000e2000000)
  from space 8704K, 37% used [0x00000000e2000000,0x00000000e232cee8,0x00000000e2880000)
  to   space 8192K, 0% used [0x00000000e3380000,0x00000000e3380000,0x00000000e3b80000)
 ParOldGen       total 43520K, used 20618K [0x00000000a0000000, 0x00000000a2a80000, 0x00000000e0000000)
  object space 43520K, 47% used [0x00000000a0000000,0x00000000a14228f0,0x00000000a2a80000)
 Metaspace       used 42970K, capacity 43912K, committed 44032K, reserved 1087488K
  class space    used 5784K, capacity 6056K, committed 6144K, reserved 1048576K
Event: 183.885 GC heap after
Heap after GC invocations=20 (full 2):
 PSYoungGen      total 52736K, used 1828K [0x00000000e0000000, 0x00000000e3b80000, 0x0000000100000000)
  eden space 44544K, 0% used [0x00000000e0000000,0x00000000e0000000,0x00000000e2b80000)
  from space 8192K, 22% used [0x00000000e3380000,0x00000000e3549108,0x00000000e3b80000)
  to   space 8192K, 0% used [0x00000000e2b80000,0x00000000e2b80000,0x00000000e3380000)
 ParOldGen       total 43520K, used 22725K [0x00000000a0000000, 0x00000000a2a80000, 0x00000000e0000000)
  object space 43520K, 52% used [0x00000000a0000000,0x00000000a16314d8,0x00000000a2a80000)
 Metaspace       used 42970K, capacity 43912K, committed 44032K, reserved 1087488K
  class space    used 5784K, capacity 6056K, committed 6144K, reserved 1048576K
}
Event: 186.051 GC heap before
{Heap before GC invocations=21 (full 2):
 PSYoungGen      total 52736K, used 46372K [0x00000000e0000000, 0x00000000e3b80000, 0x0000000100000000)
  eden space 44544K, 100% used [0x00000000e0000000,0x00000000e2b80000,0x00000000e2b80000)
  from space 8192K, 22% used [0x00000000e3380000,0x00000000e3549108,0x00000000e3b80000)
  to   space 8192K, 0% used [0x00000000e2b80000,0x00000000e2b80000,0x00000000e3380000)
 ParOldGen       total 43520K, used 22725K [0x00000000a0000000, 0x00000000a2a80000, 0x00000000e0000000)
  object space 43520K, 52% used [0x00000000a0000000,0x00000000a16314d8,0x00000000a2a80000)
 Metaspace       used 45041K, capacity 46252K, committed 46336K, reserved 1089536K
  class space    used 6059K, capacity 6352K, committed 6400K, reserved 1048576K
Event: 186.059 GC heap after
Heap after GC invocations=21 (full 2):
 PSYoungGen      total 47616K, used 4075K [0x00000000e0000000, 0x00000000e3980000, 0x0000000100000000)
  eden space 43520K, 0% used [0x00000000e0000000,0x00000000e0000000,0x00000000e2a80000)
  from space 4096K, 99% used [0x00000000e2b80000,0x00000000e2f7add8,0x00000000e2f80000)
  to   space 7680K, 0% used [0x00000000e3200000,0x00000000e3200000,0x00000000e3980000)
 ParOldGen       total 43520K, used 22813K [0x00000000a0000000, 0x00000000a2a80000, 0x00000000e0000000)
  object space 43520K, 52% used [0x00000000a0000000,0x00000000a16474d8,0x00000000a2a80000)
 Metaspace       used 45041K, capacity 46252K, committed 46336K, reserved 1089536K
  class space    used 6059K, capacity 6352K, committed 6400K, reserved 1048576K
}
Event: 187.762 GC heap before
{Heap before GC invocations=22 (full 2):
 PSYoungGen      total 47616K, used 47595K [0x00000000e0000000, 0x00000000e3980000, 0x0000000100000000)
  eden space 43520K, 100% used [0x00000000e0000000,0x00000000e2a80000,0x00000000e2a80000)
  from space 4096K, 99% used [0x00000000e2b80000,0x00000000e2f7add8,0x00000000e2f80000)
  to   space 7680K, 0% used [0x00000000e3200000,0x00000000e3200000,0x00000000e3980000)
 ParOldGen       total 43520K, used 22813K [0x00000000a0000000, 0x00000000a2a80000, 0x00000000e0000000)
  object space 43520K, 52% used [0x00000000a0000000,0x00000000a16474d8,0x00000000a2a80000)
 Metaspace       used 47235K, capacity 48702K, committed 48768K, reserved 1091584K
  class space    used 6420K, capacity 6743K, committed 6784K, reserved 1048576K
Event: 187.770 GC heap after
Heap after GC invocations=22 (full 2):
 PSYoungGen      total 50176K, used 5055K [0x00000000e0000000, 0x00000000e3980000, 0x0000000100000000)
  eden space 42496K, 0% used [0x00000000e0000000,0x00000000e0000000,0x00000000e2980000)
  from space 7680K, 65% used [0x00000000e3200000,0x00000000e36efff0,0x00000000e3980000)
  to   space 8192K, 0% used [0x00000000e2980000,0x00000000e2980000,0x00000000e3180000)
 ParOldGen       total 43520K, used 24741K [0x00000000a0000000, 0x00000000a2a80000, 0x00000000e0000000)
  object space 43520K, 56% used [0x00000000a0000000,0x00000000a1829528,0x00000000a2a80000)
 Metaspace       used 47235K, capacity 48702K, committed 48768K, reserved 1091584K
  class space    used 6420K, capacity 6743K, committed 6784K, reserved 1048576K
}
Event: 188.783 GC heap before
{Heap before GC invocations=23 (full 2):
 PSYoungGen      total 50176K, used 47551K [0x00000000e0000000, 0x00000000e3980000, 0x0000000100000000)
  eden space 42496K, 100% used [0x00000000e0000000,0x00000000e2980000,0x00000000e2980000)
  from space 7680K, 65% used [0x00000000e3200000,0x00000000e36efff0,0x00000000e3980000)
  to   space 8192K, 0% used [0x00000000e2980000,0x00000000e2980000,0x00000000e3180000)
 ParOldGen       total 43520K, used 24741K [0x00000000a0000000, 0x00000000a2a80000, 0x00000000e0000000)
  object space 43520K, 56% used [0x00000000a0000000,0x00000000a1829528,0x00000000a2a80000)
 Metaspace       used 49455K, capacity 51070K, committed 51200K, reserved 1093632K
  class space    used 6756K, capacity 7153K, committed 7168K, reserved 1048576K
Event: 188.797 GC heap after
Heap after GC invocations=23 (full 2):
 PSYoungGen      total 50688K, used 4902K [0x00000000e0000000, 0x00000000e4880000, 0x0000000100000000)
  eden space 42496K, 0% used [0x00000000e0000000,0x00000000e0000000,0x00000000e2980000)
  from space 8192K, 59% used [0x00000000e2980000,0x00000000e2e49800,0x00000000e3180000)
  to   space 8192K, 0% used [0x00000000e4080000,0x00000000e4080000,0x00000000e4880000)
 ParOldGen       total 43520K, used 28515K [0x00000000a0000000, 0x00000000a2a80000, 0x00000000e0000000)
  object space 43520K, 65% used [0x00000000a0000000,0x00000000a1bd8d88,0x00000000a2a80000)
 Metaspace       used 49455K, capacity 51070K, committed 51200K, reserved 1093632K
  class space    used 6756K, capacity 7153K, committed 7168K, reserved 1048576K
}
Event: 189.117 GC heap before
{Heap before GC invocations=24 (full 2):
 PSYoungGen      total 50688K, used 47398K [0x00000000e0000000, 0x00000000e4880000, 0x0000000100000000)
  eden space 42496K, 100% used [0x00000000e0000000,0x00000000e2980000,0x00000000e2980000)
  from space 8192K, 59% used [0x00000000e2980000,0x00000000e2e49800,0x00000000e3180000)
  to   space 8192K, 0% used [0x00000000e4080000,0x00000000e4080000,0x00000000e4880000)
 ParOldGen       total 43520K, used 28515K [0x00000000a0000000, 0x00000000a2a80000, 0x00000000e0000000)
  object space 43520K, 65% used [0x00000000a0000000,0x00000000a1bd8d88,0x00000000a2a80000)
 Metaspace       used 49694K, capacity 51334K, committed 51584K, reserved 1093632K
  class space    used 6788K, capacity 7185K, committed 7296K, reserved 1048576K
Event: 189.135 GC heap after
Heap after GC invocations=24 (full 2):
 PSYoungGen      total 66560K, used 4576K [0x00000000e0000000, 0x00000000e4880000, 0x0000000100000000)
  eden space 58368K, 0% used [0x00000000e0000000,0x00000000e0000000,0x00000000e3900000)
  from space 8192K, 55% used [0x00000000e4080000,0x00000000e44f8000,0x00000000e4880000)
  to   space 7680K, 0% used [0x00000000e3900000,0x00000000e3900000,0x00000000e4080000)
 ParOldGen       total 43520K, used 31885K [0x00000000a0000000, 0x00000000a2a80000, 0x00000000e0000000)
  object space 43520K, 73% used [0x00000000a0000000,0x00000000a1f235d8,0x00000000a2a80000)
 Metaspace       used 49694K, capacity 51334K, committed 51584K, reserved 1093632K
  class space    used 6788K, capacity 7185K, committed 7296K, reserved 1048576K
}

Deoptimization events (10 events):
Event: 188.558 Thread 0x0000000018d39000 Uncommon trap: reason=class_check action=maybe_recompile pc=0x000000000377f90c method=java.util.regex.Matcher.search(I)Z @ 86
Event: 188.559 Thread 0x0000000018d39000 Uncommon trap: reason=class_check action=maybe_recompile pc=0x000000000377f90c method=java.util.regex.Matcher.search(I)Z @ 86
Event: 188.571 Thread 0x0000000018d39000 Uncommon trap: reason=class_check action=maybe_recompile pc=0x000000000377f90c method=java.util.regex.Matcher.search(I)Z @ 86
Event: 188.809 Thread 0x0000000018d39000 Uncommon trap: reason=class_check action=maybe_recompile pc=0x0000000002ecd480 method=java.lang.Throwable.<init>(Ljava/lang/String;Ljava/lang/Throwable;)V @ 24
Event: 189.380 Thread 0x0000000018d39000 Uncommon trap: reason=class_check action=maybe_recompile pc=0x0000000002ecd480 method=java.lang.Throwable.<init>(Ljava/lang/String;Ljava/lang/Throwable;)V @ 24
Event: 189.380 Thread 0x0000000018d39000 Uncommon trap: reason=class_check action=maybe_recompile pc=0x0000000002ecd480 method=java.lang.Throwable.<init>(Ljava/lang/String;Ljava/lang/Throwable;)V @ 24
Event: 189.406 Thread 0x0000000018d39000 Uncommon trap: reason=bimorphic action=maybe_recompile pc=0x0000000002f1d578 method=java.util.Arrays.binarySearch0([Ljava/lang/Object;IILjava/lang/Object;Ljava/util/Comparator;)I @ 48
Event: 189.406 Thread 0x0000000018d39000 Uncommon trap: reason=bimorphic action=maybe_recompile pc=0x0000000002f1d578 method=java.util.Arrays.binarySearch0([Ljava/lang/Object;IILjava/lang/Object;Ljava/util/Comparator;)I @ 48
Event: 189.406 Thread 0x0000000018d39000 Uncommon trap: reason=bimorphic action=maybe_recompile pc=0x0000000002f1d578 method=java.util.Arrays.binarySearch0([Ljava/lang/Object;IILjava/lang/Object;Ljava/util/Comparator;)I @ 48
Event: 189.406 Thread 0x0000000018d39000 Uncommon trap: reason=bimorphic action=maybe_recompile pc=0x0000000002f1d578 method=java.util.Arrays.binarySearch0([Ljava/lang/Object;IILjava/lang/Object;Ljava/util/Comparator;)I @ 48

Internal exceptions (10 events):
Event: 189.364 Thread 0x0000000018d39000 Exception <a 'java/lang/ClassNotFoundException': org/gradle/api/internal/file/DefaultFileCollectionFactory$1BeanInfo> (0x00000000e0f105d8) thrown at [C:\src\android\AOSP-openjdk\external\jetbrains\jdk\hotspot\src\share\vm\classfile\systemDictionary.cpp, li_£ª«g@
Event: 189.365 Thread 0x0000000018d39000 Exception <a 'java/lang/ClassNotFoundException': org/gradle/api/internal/file/collections/FileCollectionAdapterBeanInfo> (0x00000000e0f24f48) thrown at [C:\src\android\AOSP-openjdk\external\jetbrains\jdk\hotspot\src\share\vm\classfile\systemDictionary.cpp,4É,¡¯«g@
Event: 189.365 Thread 0x0000000018d39000 Exception <a 'java/lang/ClassNotFoundException': org/gradle/api/internal/file/collections/FileCollectionAdapterCustomizer> (0x00000000e0f3a070) thrown at [C:\src\android\AOSP-openjdk\external\jetbrains\jdk\hotspot\src\share\vm\classfile\systemDictionary.cp
Event: 189.366 Thread 0x0000000018d39000 Exception <a 'java/lang/ClassNotFoundException': org/gradle/api/internal/file/DefaultFileCollectionFactory$1Customizer> (0x00000000e0f579d8) thrown at [C:\src\android\AOSP-openjdk\external\jetbrains\jdk\hotspot\src\share\vm\classfile\systemDictionary.cpp, Gqès¹¬g@
Event: 189.398 Thread 0x0000000018d39000 Exception <a 'java/lang/ClassNotFoundException': org/gradle/util/GradleVersionBeanInfo> (0x00000000e1036ce0) thrown at [C:\src\android\AOSP-openjdk\external\jetbrains\jdk\hotspot\src\share\vm\classfile\systemDictionary.cpp, line 210]
Event: 189.398 Thread 0x0000000018d39000 Exception <a 'java/lang/ClassNotFoundException': org/gradle/util/GradleVersionCustomizer> (0x00000000e1045460) thrown at [C:\src\android\AOSP-openjdk\external\jetbrains\jdk\hotspot\src\share\vm\classfile\systemDictionary.cpp, line 210]
Event: 189.407 Thread 0x0000000018d39000 Exception <a 'java/lang/ClassNotFoundException': org/jetbrains/plugins/gradle/tooling/util/DependencyResolverImplBeanInfo> (0x00000000e10bdd58) thrown at [C:\src\android\AOSP-openjdk\external\jetbrains\jdk\hotspot\src\share\vm\classfile\systemDictionary.cpV9&>­g@
Event: 189.408 Thread 0x0000000018d39000 Exception <a 'java/lang/ClassNotFoundException': org/jetbrains/plugins/gradle/tooling/util/DependencyResolverImplCustomizer> (0x00000000e10cb918) thrown at [C:\src\android\AOSP-openjdk\external\jetbrains\jdk\hotspot\src\share\vm\classfile\systemDictionary.¾;«Å)­g@
Event: 189.411 Thread 0x0000000018d39000 Exception <a 'java/lang/ClassNotFoundException': org/gradle/api/internal/artifacts/DefaultDependencySetBeanInfo> (0x00000000e1119d38) thrown at [C:\src\android\AOSP-openjdk\external\jetbrains\jdk\hotspot\src\share\vm\classfile\systemDictionary.cpp, line 21üÏÚ/-­g@
Event: 189.412 Thread 0x0000000018d39000 Exception <a 'java/lang/ClassNotFoundException': org/gradle/api/internal/artifacts/DefaultDependencySetCustomizer> (0x00000000e112d4f0) thrown at [C:\src\android\AOSP-openjdk\external\jetbrains\jdk\hotspot\src\share\vm\classfile\systemDictionary.cpp, line Âl¥ž§«g@

Events (10 events):
Event: 189.413 loading class org/gradle/jvm/JvmLibrary
Event: 189.413 loading class org/gradle/jvm/JvmLibrary done
Event: 189.414 loading class org/gradle/language/base/artifact/SourcesArtifact
Event: 189.414 loading class org/gradle/language/base/artifact/SourcesArtifact done
Event: 189.414 loading class org/codehaus/groovy/runtime/dgm$422
Event: 189.414 loading class org/codehaus/groovy/runtime/dgm$422 done
Event: 189.414 loading class org/codehaus/groovy/runtime/dgm$423
Event: 189.414 loading class org/codehaus/groovy/runtime/dgm$423 done
Event: 189.415 loading class org/codehaus/groovy/runtime/dgm$424
Event: 189.415 loading class org/codehaus/groovy/runtime/dgm$424 done


Dynamic libraries:
0x00007ff632660000 - 0x00007ff632691000 	C:\Program Files\Android\Android Studio\jre\bin\java.exe
0x00007ffc33630000 - 0x00007ffc3380b000 	C:\WINDOWS\SYSTEM32\ntdll.dll
0x00007ffc32c20000 - 0x00007ffc32cce000 	C:\WINDOWS\System32\KERNEL32.DLL
0x00007ffc2fda0000 - 0x00007ffc2ffe9000 	C:\WINDOWS\System32\KERNELBASE.dll
0x00007ffc13850000 - 0x00007ffc138f7000 	C:\Program Files\Bitdefender Antivirus Free\atcuf\263047328352096742\atcuf64.dll
0x00007ffc2e300000 - 0x00007ffc2e37e000 	C:\WINDOWS\SYSTEM32\apphelp.dll
0x00007ffc312a0000 - 0x00007ffc31341000 	C:\WINDOWS\System32\ADVAPI32.dll
0x00007ffc33060000 - 0x00007ffc330fd000 	C:\WINDOWS\System32\msvcrt.dll
0x00007ffc313b0000 - 0x00007ffc31409000 	C:\WINDOWS\System32\sechost.dll
0x00007ffc32f30000 - 0x00007ffc33055000 	C:\WINDOWS\System32\RPCRT4.dll
0x00007ffc30d30000 - 0x00007ffc30e7a000 	C:\WINDOWS\System32\USER32.dll
0x00007ffc30880000 - 0x00007ffc3089e000 	C:\WINDOWS\System32\win32u.dll
0x00007ffc32ea0000 - 0x00007ffc32ec7000 	C:\WINDOWS\System32\GDI32.dll
0x00007ffc2fff0000 - 0x00007ffc30177000 	C:\WINDOWS\System32\gdi32full.dll
0x00007ffc2fb50000 - 0x00007ffc2fbea000 	C:\WINDOWS\System32\msvcp_win.dll
0x00007ffc2fc40000 - 0x00007ffc2fd36000 	C:\WINDOWS\System32\ucrtbase.dll
0x00007ffc1fe20000 - 0x00007ffc20087000 	C:\WINDOWS\WinSxS\amd64_microsoft.windows.common-controls_6595b64144ccf1df_6.0.15063.483_none_26002d27e7c744a2\COMCTL32.dll
0x00007ffc30e80000 - 0x00007ffc31179000 	C:\WINDOWS\System32\combase.dll
0x00007ffc308a0000 - 0x00007ffc3090a000 	C:\WINDOWS\System32\bcryptPrimitives.dll
0x00007ffc33100000 - 0x00007ffc3312d000 	C:\WINDOWS\System32\IMM32.DLL
0x00007ffc2ed30000 - 0x00007ffc2ed61000 	C:\WINDOWS\SYSTEM32\ntmarta.dll
0x00007ffc2f9d0000 - 0x00007ffc2fa00000 	C:\WINDOWS\SYSTEM32\SspiCli.dll
0x000000005e1d0000 - 0x000000005e2a2000 	C:\Program Files\Android\Android Studio\jre\jre\bin\msvcr100.dll
0x000000005e2b0000 - 0x000000005eaec000 	C:\Program Files\Android\Android Studio\jre\jre\bin\server\jvm.dll
0x00007ffc31220000 - 0x00007ffc31228000 	C:\WINDOWS\System32\PSAPI.DLL
0x00007ffc226a0000 - 0x00007ffc226a9000 	C:\WINDOWS\SYSTEM32\WSOCK32.dll
0x00007ffc31230000 - 0x00007ffc3129c000 	C:\WINDOWS\System32\WS2_32.dll
0x00007ffc2e1f0000 - 0x00007ffc2e213000 	C:\WINDOWS\SYSTEM32\WINMM.dll
0x00007ffc268d0000 - 0x00007ffc268da000 	C:\WINDOWS\SYSTEM32\VERSION.dll
0x00007ffc2e1c0000 - 0x00007ffc2e1eb000 	C:\WINDOWS\SYSTEM32\WINMMBASE.dll
0x00007ffc2fbf0000 - 0x00007ffc2fc39000 	C:\WINDOWS\System32\cfgmgr32.dll
0x00007ffc271e0000 - 0x00007ffc271ef000 	C:\Program Files\Android\Android Studio\jre\jre\bin\verify.dll
0x00007ffc11bf0000 - 0x00007ffc11c19000 	C:\Program Files\Android\Android Studio\jre\jre\bin\java.dll
0x00007ffc13e10000 - 0x00007ffc13e26000 	C:\Program Files\Android\Android Studio\jre\jre\bin\zip.dll
0x00007ffc31530000 - 0x00007ffc32966000 	C:\WINDOWS\System32\SHELL32.dll
0x00007ffc32b70000 - 0x00007ffc32c1a000 	C:\WINDOWS\System32\shcore.dll
0x00007ffc30180000 - 0x00007ffc30871000 	C:\WINDOWS\System32\windows.storage.dll
0x00007ffc32e40000 - 0x00007ffc32e91000 	C:\WINDOWS\System32\shlwapi.dll
0x00007ffc2fae0000 - 0x00007ffc2faf1000 	C:\WINDOWS\System32\kernel.appcore.dll
0x00007ffc2fb00000 - 0x00007ffc2fb4c000 	C:\WINDOWS\System32\powrprof.dll
0x00007ffc2faa0000 - 0x00007ffc2fab5000 	C:\WINDOWS\System32\profapi.dll
0x00007ffc13900000 - 0x00007ffc1391a000 	C:\Program Files\Android\Android Studio\jre\jre\bin\net.dll
0x00007ffc2f350000 - 0x00007ffc2f3ac000 	C:\WINDOWS\system32\mswsock.dll
0x00007ffc11bd0000 - 0x00007ffc11be1000 	C:\Program Files\Android\Android Studio\jre\jre\bin\nio.dll
0x00007ffc1a4c0000 - 0x00007ffc1a4de000 	C:\Users\Shahrin Nidzam\.gradle\native\23\windows-amd64\native-platform.dll
0x00007ffc2f4f0000 - 0x00007ffc2f507000 	C:\WINDOWS\SYSTEM32\CRYPTSP.dll
0x00007ffc2ef70000 - 0x00007ffc2efa4000 	C:\WINDOWS\system32\rsaenh.dll
0x00007ffc2f970000 - 0x00007ffc2f995000 	C:\WINDOWS\SYSTEM32\bcrypt.dll
0x00007ffc2f9a0000 - 0x00007ffc2f9c9000 	C:\WINDOWS\SYSTEM32\USERENV.dll
0x00007ffc2f510000 - 0x00007ffc2f51b000 	C:\WINDOWS\SYSTEM32\CRYPTBASE.dll
0x00007ffc2f0f0000 - 0x00007ffc2f127000 	C:\WINDOWS\SYSTEM32\IPHLPAPI.DLL
0x00007ffc31520000 - 0x00007ffc31528000 	C:\WINDOWS\System32\NSI.dll
0x00007ffc25290000 - 0x00007ffc252a6000 	C:\WINDOWS\SYSTEM32\dhcpcsvc6.DLL
0x00007ffc25340000 - 0x00007ffc2535a000 	C:\WINDOWS\SYSTEM32\dhcpcsvc.DLL
0x00007ffc21ca0000 - 0x00007ffc21cad000 	C:\Program Files\Android\Android Studio\jre\jre\bin\management.dll

VM Arguments:
jvm_args: -Xmx1536m -Dfile.encoding=windows-1252 -Duser.country=US -Duser.language=en -Duser.variant 
java_command: org.gradle.launcher.daemon.bootstrap.GradleDaemon 3.3
java_class_path (initial): C:\Users\Shahrin Nidzam\.gradle\wrapper\dists\gradle-3.3-all\55gk2rcmfc6p2dg9u9ohc3hw9\gradle-3.3\lib\gradle-launcher-3.3.jar
Launcher Type: SUN_STANDARD

Environment Variables:
JAVA_HOME=C:\Program Files\Java\jdk1.8.0_112
PATH=C:\Program Files (x86)\OpenSSH\bin;C:\Users\Shahrin Nidzam\AppData\Roaming\npm;C:\Program Files\Heroku\bin;C:\Users\Shahrin Nidzam\AppData\Roaming\Composer\vendor\bin;C:\Users\Shahrin Nidzam\AppData\Local\Microsoft\WindowsApps;C:\Program Files\nodejs;C:\Program Files\Git\bin;C:\Program Files\Java\jre1.8.0_112\bin;C:\Program Files\Java\jdk1.8.0_112\bin;C:\Android\sdk\build-tools;C:\Android\sdk\platform-tools;C:\Android\sdk\platforms;C:\Windows\System32;C:\Program Files (x86)\Skype\Phone\;C:\Android\sdk\tools;C:\Users\Shahrin Nidzam\AppData\Local\Microsoft\WindowsApps;C:\Program Files (x86)\Microsoft VS Code\bin
USERNAME=Shahrin Nidzam
OS=Windows_NT
PROCESSOR_IDENTIFIER=Intel64 Family 6 Model 58 Stepping 9, GenuineIntel



---------------  S Y S T E M  ---------------

OS: Windows 10.0 , 64 bit Build 15063 (10.0.15063.296)

CPU:total 4 (2 cores per cpu, 2 threads per core) family 6 model 58 stepping 9, cmov, cx8, fxsr, mmx, sse, sse2, sse3, ssse3, sse4.1, sse4.2, popcnt, avx, aes, clmul, erms, ht, tsc, tscinvbit, tscinv

Memory: 4k page, physical 6191464k(935372k free), swap 7882088k(4624k free)

vm_info: OpenJDK 64-Bit Server VM (25.112-b06) for windows-amd64 JRE (1.8.0_112-release-b06), built on Dec  8 2016 00:54:26 by "builder" with MS VC++ 10.0 (VS2010)

time: Fri Nov 03 05:55:37 2017
elapsed time: 189 seconds (0d 0h 3m 9s)

